

  FrontDoor 2.02 release archives
  -------------------------------
  Do NOT change this archives, unless you intend to place the FD201.ARJ
  file in an environment that cannot for physical or technical reasons
  deal with .ARJ archives. And please don't add any comments to the
  files. I use ARJ because it is a publicly available compression
  utility with no or few restrictions regarding its use. Note that
  this file list does not include -FILES.LST (this file).

  Using environment variable: ARJ_SW = -jm -e -s
  Processing archive: FD202.ARJ
  Archive date      : 1991-09-25 18:04:30

  Filename       Original Compressed Ratio DateTime modified CRC-32
  ------------ ---------- ---------- ----- ----------------- --------
  -README.1ST        1347        778 0.578 91-09-25 02:02:14 DD8064CD
  199C-201.DOC       2182       1099 0.504 91-09-25 02:02:14 8C7AC11D
  201-202.DOC        1328        720 0.542 91-09-25 02:02:14 22E55222
  FD.DOC           350011      84970 0.243 91-09-25 02:02:24 5893238B
  FD.EXE            41525      40844 0.984 91-09-25 02:02:14 5A2807FC
  FD.OVR           393084     179911 0.458 91-09-25 02:02:14 6E952059
  FDNC.EXE          25570      25125 0.983 91-09-25 02:02:14 AC540ABB
  FDNC.OVR          37846      16259 0.430 91-09-25 02:02:14 DCC29190
  FDSETUP.EXE       60745      60153 0.990 91-09-25 02:02:14 3C82CA97
  FM.EXE            27467      26954 0.981 91-09-25 02:02:14 95937CC7
  FM.OVR           238760     108240 0.453 91-09-25 02:02:14 D63BCAC8
  NAMES.FD            506        275 0.543 91-09-25 02:02:14 D56644C7
  PCP.ARJ           18016      17950 0.996 91-09-25 02:02:14 6FEB1F0B
  PHONECVT.EXE       6842       6644 0.971 91-09-25 02:02:14 C37F4EFB
  ROUTE.FD            856        394 0.460 91-09-25 02:02:14 67B2ECA0
  SAMPLE.ARJ         5813       5689 0.979 91-09-25 02:02:14 1227A9CE
  ------------ ---------- ---------- -----
     16 files     1211898     576005 0.475

/* end of file "-files.lst" */

