The PKLITE and other PKWARE software can also be ordered through
the following dealers and distributors in the countries listed.


 Corporate Software - West Germany

 011 49 8943 9000 0
 Keferloher Strasse 24
 Munich 8013 HARR
 WEST GERMANY


 Shareware Marketing

 0297 24088
 Higher Meadows
 Beer Devon EX12 3HW
 GREAT BRITAIN


 Mitchell Assoc.

 858-939
 28 Thomastown Rd.
 Killiney Dublin
 IRELAND


 Choice Marketing Software Club

 011 61 493-2726
 PO Box 280
 Maddington WA 6109
 AUSTRALIA


 Knut Angstrom Konsult AB

 011 46 8 776 2763
 Huvndskarsv. 32
 S-121 54 Johanneshov
 SWEDEN


 Solidars FT

 33 161 46 51 25 53
 66 Blvd Exelmans
 Villa 4
 Paris 75016
 FRANCE


 Logibyte Software & Bucher

 01149 30 324 3061
 Kurfurstendamm 100
 D-1000 Berlin 31
 Germany

