; Driver List for NCOPYIPX.EXE    
;
; Purpose to aid the administrator in specifying where the correct path 
;   for the network card driver.  
; 
; Program will read the workstation's manufacturer name (from IPX driver) and
;    try to match it with the descriptions below.  If they match then it will
;    use the subdirectory name (8 chars max) specified below.  If a match is
;    not found then it will use the first 8 characters of the text from the
;    workstation's driver name.
;
;Path    Description to match workstation's driver Lan Option (IPX I)
;      ] [                                                ]
;

NETWORTH NetWorth, Inc. - EtherNext/16
NETWORPC NetWorth, Inc. - EtherNext/8
G-AT     G/Ethernet AT by Gateway Communications
G-PC     G/Ethernet PC by Gateway Communications
WDPLUS   Western Digital EtherCard PLUS
3C501    3Com 3C501
3C501    3Com 3c501
3C503    3Com 3c503 EtherLink II
3C505    3Com 3c505 EtherLink Plus
3C523    3Com EtherLink/MC 3C523
NE1000   NetWare NE1000
NE2      NetWare NE/2
NE2000   NetWare NE2000
IBMPCN   IBM PCN II & Baseband
TOKEN    IBM Token-Ring
TURBORX  NetWare Turbo RX-Net
