                          Уважаемый редактор!

    В СофтПанораме за апрель 1992г. ( Vol. 4, No. 5(29), выпуск  D )  в
архиве articles.lzh в файле romaslov.d44 автором допущены досадные опе-
чатки. В связи с чем автор приносит свои глубочайшие извинения вместе с
исправлениями :

     1.  В пункте 2.1 вместо строки -

     kxo, kyo - коэффициенты сжатия по осям X и Y соответственно.

         следует читать -

     kxo, kyo - коэффициенты сжатия по осям X и Y соответственно  ( ум-
                ножив их на 10000 получим значения параметров для  про-
                цедуры задания аспекта SetAspectRatio в Turbo Pascal ).

     2. В пункте 2.2.1 вместо строк -

          xп = (xм + xс) * kx + xmin,
                                                                  ( 5 )
          yп = (yм + yс) * ky + ymin,

        следует читать -

          xп = (xм + xс) * kxo + xmin,
                                                                   ( 5 )
          yп = (yм + yс) * kyo + ymin,

     3. В пункте 2.2.2 вместо строки -

     xц, xц - координаты центра масштабирования, заданные в миллиметрах

        следует читать -

     xц, yц - координаты центра масштабирования, заданные в миллиметрах

     4. В пункте 2.2.3 вместо строки -

     kxпо, kxпо - коэффициенты поворота координат, заданных в пикселах, на

        следует читать -


     kxпо, kyпо - коэффициенты поворота координат, заданных в пикселах, на

     5. Там же вместо строк -

          xcв = xcм + xц * (1 - cos(a2 + aп) / cos(a2)),
                                                                    ( 18 )
          ycв = ycм + yц * (1 - sin(a2 + aп) / sin(a2)), где

        следует читать -

          xcв = xcм + xцп * (1 - cos(a2 + aп) / cos(a2)),
                                                                    ( 18 )
          ycв = ycм + yцп * (1 - sin(a2 + aп) / sin(a2)), где

     6. Там же вместо строки -

          a2 = arctg(yц / xц).                                      ( 19 )

        следует читать -

          a2 = arctg(yцп / xцп), где                                ( 19 )

     xцп, yцп - координаты центра поворота, заданные в миллиметрах чертежа
                пользователем.

     7. В пункте 2.2.4 вместо строки -

     kxпо, kxпо - коэффициенты поворота координат, заданных в пикселах,

        следует читать -

     kxзо, kyзо - коэффициенты поворота координат, заданных в пикселах,

     8. Там же вместо строки -

          aн = (y1 - y2) / (x1 - x2), где                           ( 25 )

        cледует читать -

          aн = arctg((y1 - y2) / (x1 - x2)), где                    ( 25 )

     9. Там же вместо строки -

          a4 = arctg(((xп-xmin)/кx-xсз)/((yп-ymin)/(кy*-1)-yсз)),   ( 27 )

        следует читать -

          a4 = arctg(((xп-xmin)/кx-xсз)/((yп-ymin)/(кy*ке)-yсз)),   ( 27 )

     10. В пункте 2.4 вместо строки -

     Вторая подзадача дает нам возможность моделировать работу чертежника:

         следует читать -

     Третья подзадача дает нам возможность моделировать работу чертежника:

     11. В пункте 3 вместо строки -

примитивов с учетом аспекта монитора ( желательно с фиксированной точкой ).

         следует читать -

примитивов с учетом аспекта монитора ( желательно с фиксированной точкой )
и алгоритмами сжатия сохраняемых областей экрана.

Postscriptum. Автор считает приведенные в статье формулы относительно  по-
              нятными, которые становятся абсолютно понятными с добавлени-
              ем пояснительных рисунков, с которыми можно  ознакомиться  в
              межвузовском сборнике "Математическое и программное  обеспе-
              чение САПР с элементами ИИ", ТвеПИ, 1992.

              Sincerely yours, Ромасловский Тимофей.






