RATING : Файл рейтинга программ 
Copyright (c) C.Свердлов,1992,   Вологда т.2-01-62

   15.5.92 - дата первого пуска
        12 - количество пусков
     24553 - контрольный код
       654 - количество программ

Место Программа Рейтинг (частота)

1 RATING.EXE   12
2 NC.EXE       12
3 NCMAIN.EXE   12
4 WPVIEW.EXE   12
5 AIDSTEST.EXE 11
6 COMMAND.COM  11
7 LHA.EXE      11
8 NDD.EXE      11
9 SFORMAT.EXE  11
10 SYSINFO.EXE  11
11 TURBO.EXE    11
12 TPC.EXE      11
13 DATTIM.EXE   10
14 CT.EXE       10
15 DF.COM       10
16 DISKMON.EXE  10
17 GMOUSE.COM   10
18 README.COM   10
19 RELEASE.COM  10
20 SPEEDISK.EXE 10
21 UNERASE.EXE  10
22 ADM.EXE      9
23 CONVASCI.EXE 9
24 RK.COM       9
25 TRK.EXE      9
26 FW.EXE       8
27 MAKE.EXE     8
28 TAB.COM      8
29 WORD.EXE     8
30 CW.EXE       7
31 GWBASIC.EXE  7
32 MAINT.EXE    7
33 MSXIBM.EXE   7
34 PKUNZIP.EXE  7
35 QBASIC.EXE   7
36 RTC.EXE      7
37 ADD.EXE      6
38 BETA.EXE     6
39 ARJ.EXE      6
40 BETALOAD.EXE 6
41 CHKDSK.EXE   6
42 DISKCOPY.COM 6
43 GREP.COM     6
44 GRAPHICS.COM 6
45 KURS.COM     6
46 PKZIP.EXE    6
47 006.EXE      5
48 AMERICA.COM  5
49 BINOBJ.EXE   5
50 LAMBADA.COM  5
51 DBVIEW.EXE   5
52 DS.EXE       5
53 FORMAT.COM   5
54 IBMMSX.EXE   5
55 KT.EXE       5
56 NCD.EXE      5
57 PCXVIEW.EXE  5
58 PRINT.EXE    5
59 SOS.COM      5
60 VURM.EXE     5
61 THELP.COM    5
62 TOUCH.COM    5
63 UNDELETE.EXE 5
64 WON.COM      5
65 XCOPY.EXE    5
66 EL.COM       4
67 DEBUG.EXE    4
68 DISKEDIT.EXE 4
69 DIV.EXE      4
70 GRAFTABL.COM 4
71 HELP.EXE     4
72 KOD.EXE      4
73 MACROCNV.EXE 4
74 LIFE.EXE     4
75 PCTOOLS.EXE  4
76 PCXGRAB.EXE  4
77 PKXARC.COM   4
78 Q.EXE        4
79 RP.COM       4
80 SPELCONV.EXE 4
81 SYS.COM      4
82 TB.EXE       4
83 TASMB.COM    4
84 TBINST.COM   4
85 TLINK.EXE    4
86 TPUMOVER.EXE 4
87 UNFORMAT.COM 4
88 YESTERDA.COM 4
89 WORD_DCA.EXE 4
90 800.COM      3
91 BE.EXE       3
92 BGIOBJ.EXE   3
93 CINSTXFR.EXE 3
94 CAPTURE.COM  3
95 CALIBRAT.EXE 3
96 COD.EXE      3
97 COMP.EXE     3
98 CPP.EXE      3
99 DISKCOMP.COM 3
100 DISKREET.EXE 3
101 DISKTOOL.EXE 3
102 DOSKEY.COM   3
103 EDLIN.EXE    3
104 EP.EXE       3
105 EXE2BIN.EXE  3
106 EXPAND.EXE   3
107 FA.EXE       3
108 FD.EXE       3
109 FASTOPEN.EXE 3
110 FDISK.EXE    3
111 FILEFIND.EXE 3
112 FILEFIX.EXE  3
113 FL.EXE       3
114 FS.EXE       3
115 GETROM.EXE   3
116 IMAGE.EXE    3
117 JOIN.EXE     3
118 KEYB.COM     3
119 LEXICON.EXE  3
120 LEXLHELP.EXE 3
121 LP.EXE       3
122 LOADFIX.COM  3
123 MCX.EXE      3
124 MEM.EXE      3
125 MIRROR.COM   3
126 MODE.COM     3
127 MSX.COM      3
128 MSHERC.COM   3
129 NCACHE.EXE   3
130 NCC.EXE      3
131 NDOS.COM     3
132 NDOS2E.COM   3
133 OBJXREF.COM  3
134 NHELP.EXE    3
135 NLSFUNC.EXE  3
136 NORTON.EXE   3
137 NUCONFIG.EXE 3
138 PCALC.EXE    3
139 PCXCUT.EXE   3
140 PCXHDR.EXE   3
141 PKARC.COM    3
142 PRINTFX.EXE  3
143 RECOVER.EXE  3
144 REPLACE.EXE  3
145 RUS1.COM     3
146 SETUP.EXE    3
147 SETVER.EXE   3
148 SHARE.EXE    3
149 ST.EXE       3
150 SUBST.EXE    3
151 TC.EXE       3
152 TCCONFIG.EXE 3
153 TCINST.EXE   3
154 TLIB.EXE     3
155 TREE.COM     3
156 TS.EXE       3
157 UNFORMAT.EXE 3
158 WIPEINFO.EXE 3
159 WORDHPRU.EXE 3
160 ANTI_NEW.EXE 2
161 APPEND.EXE   2
162 B&B.EXE      2
163 ATTRIB.EXE   2
164 ASSIGN.COM   2
165 BACKUP.EXE   2
166 BGIDEMO.EXE  2
167 BGILINK.EXE  2
168 BIWIN.EXE    2
169 BIWKBD.EXE   2
170 BSINST.EXE   2
171 BT.EXE       2
172 CALC.EXE     2
173 CALENDAR.EXE 2
174 CARDFILE.EXE 2
175 CHECKIT.EXE  2
176 CLIPBRD.EXE  2
177 CLOCK.EXE    2
178 NEW.EXE      2
179 CONTROL.EXE  2
180 CRUEL.EXE    2
181 DEMO1.EXE    2
182 DEMO2.EXE    2
183 DEMO3.EXE    2
184 DEVSWAP.COM  2
185 DOSSHELL.EXE 2
186 DOSSHELL.COM 2
187 DOSSWAP.EXE  2
188 DRHALO.EXE   2
189 DOSX.EXE     2
190 EDIT.COM     2
191 EMM386.EXE   2
192 EMSTEST.COM  2
193 EVAFONT.EXE  2
194 FACES.EXE    2
195 FC.EXE       2
196 FDPOSTR.EXE  2
197 FDISKCPY.EXE 2
198 FIND.EXE     2
199 FRAME.COM    2
200 FRIEZE.COM   2
201 FWMAIL.EXE   2
202 GDI.EXE      2
203 GRAB.EXE     2
204 GPEGA.EXE    2
205 HALOBPOI.COM 2
206 HALOSDTI.COM 2
207 HBIOS.COM    2
208 ICE.EXE      2
209 IDLEWILD.EXE 2
210 INSTALL.EXE  2
211 JINN.EXE     2
212 KAL.EXE      2
213 KERNEL.EXE   2
214 KEYRUS.COM   2
215 KEYEYE.EXE   2
216 KRNL286.EXE  2
217 LABEL.EXE    2
218 LOADFONT.EXE 2
219 LZESHELL.EXE 2
220 LZEXE.EXE    2
221 MAKEPRD.EXE  2
222 ME.EXE       2
223 MENU.EXE     2
224 MEMAC.EXE    2
225 MERGEPRD.EXE 2
226 MERGE.EXE    2
227 MOUSE .COM   2
228 MORE.COM     2
229 MOUSE.COM    2
230 MSDOS.EXE    2
231 MSMOUSE.COM  2
232 NCA.EXE      2
233 NE.COM       2
234 NET.EXE      2
235 NOTEPAD.EXE  2
236 P.EXE        2
237 PAINT.EXE    2
238 PBPLUS.EXE   2
239 PBSETUP.EXE  2
240 PBRUSH.EXE   2
241 PCXLOC.EXE   2
242 PCXSHOW.EXE  2
243 PFDDEMO.EXE  2
244 PFD.EXE      2
245 PEGGED.EXE   2
246 PIFEDIT.EXE  2
247 PKXARCJR.COM 2
248 PKZIPFIX.EXE 2
249 POSTER.EXE   2
250 POSKEY.COM   2
251 PRESENTS.EXE 2
252 PRINTMAN.EXE 2
253 PROGMAN.EXE  2
254 TEST.EXE     2
255 RAT_ARC.EXE  2
256 RE.COM       2
257 RECORDER.EXE 2
258 RESTORE.EXE  2
259 RTF_DOS.EXE  2
260 RUS.EXE      2
261 RUSP.EXE     2
262 SETNAME.EXE  2
263 SETUPFW.EXE  2
264 SORT.EXE     2
265 SOL.EXE      2
266 SP44C.EXE    2
267 SP44A.EXE    2
268 SP44D.EXE    2
269 SSTOR.EXE    2
270 SYSEDIT.EXE  2
271 TANC.EXE     2
272 TAB.EXE      2
273 TASKMAN.EXE  2
274 TCC.EXE      2
275 TEST.COM     2
276 TCW.COM      2
277 TEMC.EXE     2
278 TERMINAL.EXE 2
279 TIMER.COM    2
280 TIC.EXE      2
281 TOUR.EXE     2
282 TP.EXE       2
283 UNZIP.EXE    2
284 USER.EXE     2
285 WINFILE.EXE  2
286 WIN.COM      2
287 WINHELP.EXE  2
288 WINTRIS.EXE  2
289 WINVER.EXE   2
290 WORMWAR.EXE  2
291 WSCANC.COM   2
292 WRITE.EXE    2
293 WSCANE.COM   2
294 WSCANM.COM   2
295 WSCANV.COM   2
296 XYZ.EXE      2
297 __START.EXE  2
298 ZIP2EXE.EXE  2
299 256A1.EXE    1
300 256A.EXE     1
301 ADCREAD.EXE  1
302 ADC-EGA.EXE  1
303 AIR.EXE      1
304 ANG3.EXE     1
305 ANG1.EXE     1
306 ANG2.EXE     1
307 ANKETA.EXE   1
308 ANTI-DIR.EXE 1
309 AN~0814.COM  1
310 AN~0816.COM  1
311 ASM.EXE      1
312 ASTER.EXE    1
313 BANNER.EXE   1
314 BETALIST.EXE 1
315 BILL.EXE     1
316 BINDUMP.EXE  1
317 BROWN.EXE    1
318 BROADWAY.COM 1
319 BL.EXE       1
320 BLDGRAY.EXE  1
321 BROWN1.EXE   1
322 BSOUND.EXE   1
323 CALC.COM     1
324 CGRAPHIC.EXE 1
325 CFS.EXE      1
326 CHKDSK.COM   1
327 CHECK_FL.EXE 1
328 CHEKBIOS.EXE 1
329 CHRYSANT.EXE 1
330 CHKMEM.EXE   1
331 COLUMNS.EXE  1
332 COLLECT.EXE  1
333 CODETABL.EXE 1
334 CONSHR.EXE   1
335 COMPLEX.EXE  1
336 COOKIE.COM   1
337 COURIRUS.COM 1
338 CRT2.EXE     1
339 CRT1.EXE     1
340 CRLF.EXE     1
341 CV.EXE       1
342 D.EXE        1
343 CYRKEYB.COM  1
344 DET_GAUS.EXE 1
345 DEMOWORK.EXE 1
346 DEMO4.EXE    1
347 DESIGNS.EXE  1
348 DFG.EXE      1
349 DFGH.EXE     1
350 DICECLND.EXE 1
351 DKT5_MAC.EXE 1
352 DOMI.EXE     1
353 DRVTYPE.EXE  1
354 E.EXE        1
355 DTRACK.EXE   1
356 E1.EXE       1
357 E2.EXE       1
358 EGAEPSON.COM 1
359 EDMSG.EXE    1
360 EGAME.EXE    1
361 EGRAPHIC.EXE 1
362 EGARUS.COM   1
363 EGARFONT.COM 1
364 EGATEST.EXE  1
365 END.EXE      1
366 EXAMPLE.EXE  1
367 EXP-SCOP.EXE 1
368 EXP-SEED.EXE 1
369 F19.COM      1
370 F.EXE        1
371 EXPSYNTS.EXE 1
372 F4AFAA09.EXE 1
373 F4AFAA07.EXE 1
374 F4AFAA04.EXE 1
375 F4AFAA14.EXE 1
376 F4AFAA11.EXE 1
377 F4AFAA12.EXE 1
378 FIBON.EXE    1
379 FG.EXE       1
380 FF.EXE       1
381 FF1.EXE      1
382 FF80.EXE     1
383 FINDBOOT.COM 1
384 FOXPROLN.EXE 1
385 FOXPLUS.EXE  1
386 FOX.EXE      1
387 FOXDOC.EXE   1
388 FOXL.EXE     1
389 FOXPROL.EXE  1
390 FOXUNPAK.EXE 1
391 FOXR.EXE     1
392 FOXSWAP.COM  1
393 FREECOMP.COM 1
394 FTMAC.EXE    1
395 FT.COM       1
396 FTMAC.COM    1
397 GAME.EXE     1
398 GAM.EXE      1
399 GALAXY.EXE   1
400 FWS.EXE      1
401 FWSE.EXE     1
402 FWSINST.EXE  1
403 FWSINSTE.EXE 1
404 GAUSS.EXE    1
405 GAUS.EXE     1
406 GERPRN.EXE   1
407 GER.COM      1
408 GEPD.EXE     1
409 GENTEST.EXE  1
410 GENLIST.EXE  1
411 GOLD.EXE     1
412 GOLF.EXE     1
413 GRAFT.COM    1
414 GRAYTOBW.EXE 1
415 GRPH.EXE     1
416 GSV_STAR.COM 1
417 GTCO.COM     1
418 GWC.EXE      1
419 HALC.COM     1
420 H.EXE        1
421 HHH.COM      1
422 I.EXE        1
423 HIEW.EXE     1
424 HP2PCX.EXE   1
425 IBMSNDS.EXE  1
426 INSTALL.COM  1
427 IZVR.EXE     1
428 IZVL.EXE     1
429 ISOUND.EXE   1
430 ISMODEM.EXE  1
431 INTERPOL.EXE 1
432 ITPU.EXE     1
433 JGEN.EXE     1
434 JANE.EXE     1
435 JOYSTICK.COM 1
436 JSAVER.EXE   1
437 JST.EXE      1
438 JUSTIFY.EXE  1
439 KARTINKI.EXE 1
440 KAPI.EXE     1
441 KALAKH.EXE   1
442 KBPRNLEX.EXE 1
443 KBD.EXE      1
444 KBD.COM      1
445 KBRIO.EXE    1
446 KN2BKBD.EXE  1
447 KNEXNCKB.EXE 1
448 KNNULL.EXE   1
449 KNL.EXE      1
450 KNLD.EXE     1
451 KNTK2.EXE    1
452 KNUP.EXE     1
453 KOHKA.EXE    1
454 KURTAN.EXE   1
455 KURTAPM.COM  1
456 LEMER3.EXE   1
457 LGAVIEW.EXE  1
458 LHX.EXE      1
459 LMOUSE.COM   1
460 LOADSTAR.EXE 1
461 LOADPROG.EXE 1
462 LOGO.EXE     1
463 LX.COM       1
464 LR.EXE       1
465 LTS.EXE      1
466 MAIN.EXE     1
467 MAKEFILE.EXE 1
468 MAXRUS.COM   1
469 MALEVICH.EXE 1
470 MAXLEN.EXE   1
471 MAXI.COM     1
472 MCAD.EXE     1
473 MCXARC.EXE   1
474 MEMAP.EXE    1
475 MGRAPHIC.EXE 1
476 MID.EXE      1
477 MISC.EXE     1
478 MKEY.COM     1
479 MKEYTXT.COM  1
480 MKEYMAC.COM  1
481 MKMB.EXE     1
482 MLTAB.EXE    1
483 MNBV.EXE     1
484 MOUS.EXE     1
485 MS.EXE       1
486 MOUSTST.EXE  1
487 MSXGR.EXE    1
488 NAME.EXE     1
489 N.EXE        1
490 NC_COLOR.EXE 1
491 NCVIEW.EXE   1
492 NE.EXE       1
493 NGRAPHIC.EXE 1
494 NEW_DATE.COM 1
495 NMBTHEOR.EXE 1
496 NONAME00.EXE 1
497 P.COM        1
498 OLDSTAR.EXE  1
499 PASDEMO.EXE  1
500 PARK.EXE     1
501 PANSIS.EXE   1
502 PC2.EXE      1
503 PCPOOL.EXE   1
504 PCL2XFR.EXE  1
505 PG1S.EXE     1
506 PCXFIX.EXE   1
507 PCXLIB.EXE   1
508 PCXPRINT.EXE 1
509 PCXTRANS.EXE 1
510 PEPD.EXE     1
511 PFDARC.EXE   1
512 PINSTALL.EXE 1
513 PIPE.EXE     1
514 PLAKAT.EXE   1
515 PM.EXE       1
516 POL.EXE      1
517 PRIMROOT.EXE 1
518 PRIMCRT.EXE  1
519 PRINCE.EXE   1
520 PROBA.EXE    1
521 PRN2P.EXE    1
522 PROBA.COM    1
523 PROAPI16.EXE 1
524 PROBA256.EXE 1
525 PTOS2.EXE    1
526 PT.COM       1
527 PR_TEST.EXE  1
528 PTPM.EXE     1
529 PU_KBG.COM   1
530 QB.EXE       1
531 RANGER.EXE   1
532 RECODE.EXE   1
533 REARJ.EXE    1
534 README.EXE   1
535 REBOOT.COM   1
536 REMFOPEN.COM 1
537 RING.COM     1
538 REVERSI.EXE  1
539 ROZEN.EXE    1
540 ROG.EXE      1
541 ROAD.EXE     1
542 ROG1.EXE     1
543 ROW.EXE      1
544 ROSE.EXE     1
545 RTYPE.EXE    1
546 SCRPRT.EXE   1
547 SCENERY0.EXE 1
548 SBMENU.EXE   1
549 S.COM        1
550 S$.EXE       1
551 RUSSIAN.COM  1
552 SATTRIB.COM  1
553 SAY.EXE      1
554 SBMENU1.EXE  1
555 SCHECK.EXE   1
556 SCREXEC.EXE  1
557 SCREATE.COM  1
558 SCRCOPY.EXE  1
559 SCREEN.EXE   1
560 SCREXEC2.EXE 1
561 SEMIGR.EXE   1
562 SE.EXE       1
563 SDIAG.EXE    1
564 SDIR.EXE     1
565 SETDATE.EXE  1
566 SETEPSON.EXE 1
567 SIN.EXE      1
568 SHOWMCX.EXE  1
569 SINTAN.EXE   1
570 SOKOBAN.EXE  1
571 SIREN.EXE    1
572 SOP.COM      1
573 SORTIR2.EXE  1
574 SPASE.EXE    1
575 SPEED.EXE    1
576 SREMOVE.EXE  1
577 SSWAP.COM    1
578 START.EXE    1
579 STACKER.COM  1
580 STAR.EXE     1
581 SU.EXE       1
582 STOP.COM     1
583 SYMBOLS.EXE  1
584 SWAPMAP.COM  1
585 SV1.EXE      1
586 SUPER.EXE    1
587 SUM1201.COM  1
588 SUM961.COM   1
589 SUPER1.EXE   1
590 SWAP##.COM   1
591 SWAP#.COM    1
592 SYNTAN1.EXE  1
593 T.EXE        1
594 T256.EXE     1
595 TALKER-X.COM 1
596 TANCNEW0.EXE 1
597 TANDYSND.EXE 1
598 TASM.EXE     1
599 TCREF.EXE    1
600 TD.EXE       1
601 TEPSON.EXE   1
602 TGRAPHIC.EXE 1
603 TETRIS.EXE   1
604 TG.EXE       1
605 TI.COM       1
606 THIEF.EXE    1
607 TIFFDUMP.EXE 1
608 TINSTXFR.EXE 1
609 TINST.EXE    1
610 TINYFRZ.COM  1
611 TM.EXE       1
612 TO132X25.COM 1
613 TONOR.COM    1
614 TOPPLER.EXE  1
615 TPCONFIG.EXE 1
616 TREE.EXE     1
617 TSOUND.EXE   1
618 TULIP.EXE    1
619 TVDEMO.EXE   1
620 UNPACK.COM   1
621 UNIKBD.COM   1
622 UNISCR.COM   1
623 UNIVGA.COM   1
624 UNLZEXE.EXE  1
625 USE!.EXE     1
626 UPGS.COM     1
627 UR.EXE       1
628 VRDSTAT.EXE  1
629 VASSONY.EXE  1
630 UZORY.EXE    1
631 UZOR.EXE     1
632 UTILITY.EXE  1
633 VGADISK.EXE  1
634 VDIR.EXE     1
635 VGA!FONT.COM 1
636 VIEWNC.EXE   1
637 VGARFONT.COM 1
638 VRD.EXE      1
639 VPTIFF.COM   1
640 WB.EXE       1
641 WBCOLOR.EXE  1
642 WBMERGE.EXE  1
643 WD.EXE       1
644 WERTYU.EXE   1
645 WHELP.EXE    1
646 WINWORD.EXE  1
647 WLINK8.EXE   1
648 WORM.EXE     1
649 XKBM.COM     1
650 XVBIOS.COM   1
651 XVDEBUG.COM  1
652 XVFIND.COM   1
653 ________.EXE 1
654 ┐XYZ.EXE     1
