________________________________________________________________

       C E R B E R   S Y S T E M  v1.00
       Copyright (C) :  Ideas + Service , 1990
________________________________________________________________

 режим  Просмотр                    Time : 17:07:58.25
................................................................
 Путь \CERBERUS.101\SYSTEM
    INITSAFE.EXE
        SAFE.EXE
       MAGIC.EXE
    CERBERUS.EXE
................................................................

Просмотр  завершен                           Time : 17:08:02.86
________________________________________________________________

       C E R B E R   S Y S T E M  v1.00
       Copyright (C) :  Ideas + Service , 1990
________________________________________________________________

 режим   Плюс                       Time : 17:08:08.24
................................................................
 Путь \CERBERUS.101\SYSTEM
    INITSAFE.EXE вакцинирован 
        SAFE.EXE вакцинирован 
       MAGIC.EXE вакцинирован 
    CERBERUS.EXE вакцинирован 
................................................................

 Плюс     завершен                           Time : 17:08:14.40
________________________________________________________________

       C E R B E R   S Y S T E M  v1.00
       Copyright (C) :  Ideas + Service , 1990
________________________________________________________________

 режим  Просмотр                    Time : 17:12:04.70
................................................................
 Путь \CERBERUS.101\SYSTEM
    INITSAFE.EXE
        SAFE.EXE
       MAGIC.EXE вакцинирован 
    CERBERUS.EXE вакцинирован 
................................................................

Просмотр  завершен                           Time : 17:12:09.26
________________________________________________________________

       C E R B E R   S Y S T E M  v1.00
       Copyright (C) :  Ideas + Service , 1990
________________________________________________________________

 режим  Просмотр                    Time : 17:19:07.73
................................................................
 Путь \CERBERUS.101\SYSTEM
    INITSAFE.EXE
        SAFE.EXE
       MAGIC.EXE
    CERBERUS.EXE
................................................................

Просмотр  завершен                           Time : 17:19:12.35
________________________________________________________________

       C E R B E R   S Y S T E M  v1.00
       Copyright (C) :  Ideas + Service , 1990
________________________________________________________________

 режим   Плюс                       Time : 17:21:15.99
................................................................
 Путь \CERBERUS.101\SYSTEM
    INITSAFE.EXE вакцинирован 
        SAFE.EXE вакцинирован 
       MAGIC.EXE вакцинирован 
    CERBERUS.EXE вакцинирован 
................................................................

 Плюс     завершен                           Time : 17:21:21.97
________________________________________________________________

       C E R B E R   S Y S T E M  v1.00
       Copyright (C) :  Ideas + Service , 1990
________________________________________________________________

 режим  Просмотр                    Time : 17:42:47.50
................................................................
 Путь \CERBERUS.101\SYSTEM
       MAGIC.EXE
    INITSAFE.EXE
        SAFE.EXE
    CERBERUS.EXE
................................................................

Просмотр  завершен                           Time : 17:42:52.12
________________________________________________________________

       C E R B E R   S Y S T E M  v1.00
       Copyright (C) :  Ideas + Service , 1990
________________________________________________________________

 режим   Плюс                       Time : 17:42:57.78
................................................................
 Путь \CERBERUS.101\SYSTEM
       MAGIC.EXE вакцинирован 
    INITSAFE.EXE вакцинирован 
        SAFE.EXE вакцинирован 
    CERBERUS.EXE вакцинирован 
................................................................

 Плюс     завершен                           Time : 17:43:03.98
