                             WinFC V1.0b
                             -----------

                        P A C K I N G    L I S T
                       --------------------------

                             September 20, 1994


        The complete WinFC V1.0b evaluation package should contain 
        the following files.  Please insure that each file is present.  
        If any of these files are missing then the package is not 
        complete and is not suitable for distribution to others.  The 
        complete package may be obtained directly from Tekra Software
        for $5 U.S.


        File Name:      Purpose of File:
        ------------    ------------------------------------------------

        README.TXT      Important introductory information.

        PACKING.LST     This text file

        LICENSE.TXT     License information

        VENDOR.TXT      Information and restrictions for disk vendors,
                        distributors, user groups, BBS Sysops, and more

        FILE_ID.DIZ     Description file for use by BBS's
        
        WINFC1B.EXE     WinFC V1.0B Executable

        WINFC.HLP       Help file

        WINFC.INI       Sample initialization file showing user editable
                        preferences

        ORDER.TXT       Order form

        CATALOG.TXT     List of products available from Tekra Software

