%ИМЯ:        PU_1700.COM
%АВТОР: Юрий И. Панков, тел. (095)-282-84-15 (р),
        Сергиев Посад, Московской обл.,
                        тел. (254)-400-71 (д).
%АННОТАЦИЯ: {PU_1700.COM - новая версия драйвера}
%ВЕРСИЯ:     3.7
%СТАТУС:     FREEWARE
%ВЫПУСК:     по усмотрению редакции
%КАТАЛОГ:    PANKOV
%КЛУБ:       ASM
%ДАТА_СОЗДАНИЯ: 91-94 г




               Уважаемые читатели Софтпанорамы !
                 Вашему вниманию представлены:



- PU_1700.COM  - драйвер - расширитель форматов гибких носителей
                 версии 3.7 от 21.01.94 г.
- PU_1700.DOC  - необходимая документация.

                   и новые версии "примочек":

- PU_wrcFD.COM - версии 1.3  от 21.01.94 г.
- PU_edpFD.COM - версии 1.12 от 21.01.94 г.
- PU_wrcFD.COM - версии 1.3  от 21.01.94 г.

     в которых учтены все Ваши пожелания и предложения,

                     а также ВПЕРВЫЕ:

- PU_1700F.COM - версия 2.03 от 25.01.94 г.
- PU_1700F.BIN - оригинал BOOT-сектора дискеты
- PU_1700F.DOC - необходимая документация



                          1. Новости.
                         ─────────────
     В начале прошлого года я познакомился с  драйвером  ConFor-
mat,  работающим в фоновом режиме. Версия 1.04 мне "ну настолько
понравилась",  что для того чтобы она  умела  форматировать  все
форматы дискет,  поддерживаемые драйвером PU_1700,  мне пришлось
переписать ее заново с расширенными возможностями,  опираясь  во
многом на ConFormat версии 1.04 1989 г..
     Эта далекая от совершенства  версия  драйвера  (создавалась
факультативно почти год), выходит в "свет" лишь затем, чтобы об-
судить его дальнеейшее развитие на страницах Софтпанорамы.  Поэ-
тому от всех,  кому понравится этот драйвер,  через Софтпанораму
жду КОНСТРУКТИВНЫХ предложений по поводу того, каким бы им хоте-
лось его видеть. Каким бы они хотели видеть диалог с пользовате-
лем,  если видеомонитор работает в графическом режиме?  Нужна ли
фоновая индикация текущего состояния фонового процесса и в каком
виде. И т.д. и т.п..




           С уважением к Вам             Панков Юрий Иванович
           г. Сергиев Посад                    25.01.94 г.
              (Загорск)                    телефон домашний:
                                              (254)-400-71


